{"C:\\Users\\Srisow\\OneDrive\\Desktop\\Portfolio\\code\\abc-portfolio-system\\frontend\\src\\App.jsx": {"path":"C:\\Users\\Srisow\\OneDrive\\Desktop\\Portfolio\\code\\abc-portfolio-system\\frontend\\src\\App.jsx","statementMap":{"0":{"start":{"line":11,"column":2},"end":{"line":26,"column":4}}},"fnMap":{"0":{"name":"App","decl":{"start":{"line":10,"column":9},"end":{"line":10,"column":12}},"loc":{"start":{"line":10,"column":15},"end":{"line":27,"column":1}},"line":10}},"branchMap":{},"s":{"0":0},"f":{"0":0},"b":{}}
,"C:\\Users\\Srisow\\OneDrive\\Desktop\\Portfolio\\code\\abc-portfolio-system\\frontend\\src\\index.jsx": {"path":"C:\\Users\\Srisow\\OneDrive\\Desktop\\Portfolio\\code\\abc-portfolio-system\\frontend\\src\\index.jsx","statementMap":{"0":{"start":{"line":6,"column":13},"end":{"line":6,"column":65}},"1":{"start":{"line":7,"column":0},"end":{"line":11,"column":2}}},"fnMap":{},"branchMap":{},"s":{"0":0,"1":0},"f":{},"b":{}}
,"C:\\Users\\Srisow\\OneDrive\\Desktop\\Portfolio\\code\\abc-portfolio-system\\frontend\\src\\main.jsx": {"path":"C:\\Users\\Srisow\\OneDrive\\Desktop\\Portfolio\\code\\abc-portfolio-system\\frontend\\src\\main.jsx","statementMap":{"0":{"start":{"line":6,"column":20},"end":{"line":6,"column":51}},"1":{"start":{"line":7,"column":0},"end":{"line":13,"column":1}},"2":{"start":{"line":8,"column":2},"end":{"line":12,"column":4}}},"fnMap":{},"branchMap":{"0":{"loc":{"start":{"line":7,"column":0},"end":{"line":13,"column":1}},"type":"if","locations":[{"start":{"line":7,"column":0},"end":{"line":13,"column":1}},{"start":{},"end":{}}],"line":7}},"s":{"0":0,"1":0,"2":0},"f":{},"b":{"0":[0,0]}}
,"C:\\Users\\Srisow\\OneDrive\\Desktop\\Portfolio\\code\\abc-portfolio-system\\frontend\\src\\components\\transactionHistory\\transactionHistoryContainer.jsx": {"path":"C:\\Users\\Srisow\\OneDrive\\Desktop\\Portfolio\\code\\abc-portfolio-system\\frontend\\src\\components\\transactionHistory\\transactionHistoryContainer.jsx","statementMap":{"0":{"start":{"line":10,"column":36},"end":{"line":138,"column":1}},"1":{"start":{"line":11,"column":60},"end":{"line":11,"column":83}},"2":{"start":{"line":12,"column":40},"end":{"line":12,"column":51}},"3":{"start":{"line":13,"column":44},"end":{"line":13,"column":56}},"4":{"start":{"line":14,"column":21},"end":{"line":14,"column":33}},"5":{"start":{"line":16,"column":23},"end":{"line":20,"column":3}},"6":{"start":{"line":17,"column":4},"end":{"line":17,"column":22}},"7":{"start":{"line":18,"column":4},"end":{"line":18,"column":29}},"8":{"start":{"line":19,"column":4},"end":{"line":19,"column":55}},"9":{"start":{"line":22,"column":27},"end":{"line":25,"column":3}},"10":{"start":{"line":23,"column":4},"end":{"line":23,"column":25}},"11":{"start":{"line":24,"column":4},"end":{"line":24,"column":65}},"12":{"start":{"line":30,"column":21},"end":{"line":104,"column":3}},"13":{"start":{"line":31,"column":4},"end":{"line":31,"column":53}},"14":{"start":{"line":31,"column":41},"end":{"line":31,"column":53}},"15":{"start":{"line":33,"column":23},"end":{"line":33,"column":55}},"16":{"start":{"line":34,"column":22},"end":{"line":34,"column":54}},"17":{"start":{"line":35,"column":20},"end":{"line":35,"column":64}},"18":{"start":{"line":37,"column":4},"end":{"line":103,"column":6}},"19":{"start":{"line":41,"column":27},"end":{"line":41,"column":60}},"20":{"start":{"line":48,"column":27},"end":{"line":48,"column":60}},"21":{"start":{"line":68,"column":31},"end":{"line":68,"column":64}},"22":{"start":{"line":76,"column":29},"end":{"line":76,"column":34}},"23":{"start":{"line":77,"column":16},"end":{"line":89,"column":18}},"24":{"start":{"line":80,"column":35},"end":{"line":80,"column":57}},"25":{"start":{"line":93,"column":31},"end":{"line":93,"column":64}},"26":{"start":{"line":106,"column":2},"end":{"line":137,"column":4}}},"fnMap":{"0":{"name":"(anonymous_0)","decl":{"start":{"line":10,"column":36},"end":{"line":10,"column":37}},"loc":{"start":{"line":10,"column":60},"end":{"line":138,"column":1}},"line":10},"1":{"name":"(anonymous_1)","decl":{"start":{"line":16,"column":23},"end":{"line":16,"column":24}},"loc":{"start":{"line":16,"column":41},"end":{"line":20,"column":3}},"line":16},"2":{"name":"(anonymous_2)","decl":{"start":{"line":22,"column":27},"end":{"line":22,"column":28}},"loc":{"start":{"line":22,"column":43},"end":{"line":25,"column":3}},"line":22},"3":{"name":"(anonymous_3)","decl":{"start":{"line":30,"column":21},"end":{"line":30,"column":22}},"loc":{"start":{"line":30,"column":27},"end":{"line":104,"column":3}},"line":30},"4":{"name":"(anonymous_4)","decl":{"start":{"line":41,"column":21},"end":{"line":41,"column":22}},"loc":{"start":{"line":41,"column":27},"end":{"line":41,"column":60}},"line":41},"5":{"name":"(anonymous_5)","decl":{"start":{"line":48,"column":21},"end":{"line":48,"column":22}},"loc":{"start":{"line":48,"column":27},"end":{"line":48,"column":60}},"line":48},"6":{"name":"(anonymous_6)","decl":{"start":{"line":68,"column":25},"end":{"line":68,"column":26}},"loc":{"start":{"line":68,"column":31},"end":{"line":68,"column":64}},"line":68},"7":{"name":"(anonymous_7)","decl":{"start":{"line":75,"column":42},"end":{"line":75,"column":43}},"loc":{"start":{"line":75,"column":52},"end":{"line":90,"column":15}},"line":75},"8":{"name":"(anonymous_8)","decl":{"start":{"line":80,"column":29},"end":{"line":80,"column":30}},"loc":{"start":{"line":80,"column":35},"end":{"line":80,"column":57}},"line":80},"9":{"name":"(anonymous_9)","decl":{"start":{"line":93,"column":25},"end":{"line":93,"column":26}},"loc":{"start":{"line":93,"column":31},"end":{"line":93,"column":64}},"line":93}},"branchMap":{"0":{"loc":{"start":{"line":10,"column":39},"end":{"line":10,"column":53}},"type":"default-arg","locations":[{"start":{"line":10,"column":51},"end":{"line":10,"column":53}}],"line":10},"1":{"loc":{"start":{"line":31,"column":4},"end":{"line":31,"column":53}},"type":"if","locations":[{"start":{"line":31,"column":4},"end":{"line":31,"column":53}},{"start":{},"end":{}}],"line":31},"2":{"loc":{"start":{"line":31,"column":8},"end":{"line":31,"column":39}},"type":"binary-expr","locations":[{"start":{"line":31,"column":8},"end":{"line":31,"column":13}},{"start":{"line":31,"column":17},"end":{"line":31,"column":39}}],"line":31},"3":{"loc":{"start":{"line":82,"column":22},"end":{"line":84,"column":83}},"type":"cond-expr","locations":[{"start":{"line":83,"column":26},"end":{"line":83,"column":73}},{"start":{"line":84,"column":26},"end":{"line":84,"column":83}}],"line":82},"4":{"loc":{"start":{"line":117,"column":7},"end":{"line":131,"column":7}},"type":"binary-expr","locations":[{"start":{"line":117,"column":7},"end":{"line":117,"column":12}},{"start":{"line":118,"column":8},"end":{"line":130,"column":14}}],"line":117},"5":{"loc":{"start":{"line":133,"column":37},"end":{"line":133,"column":53}},"type":"binary-expr","locations":[{"start":{"line":133,"column":37},"end":{"line":133,"column":47}},{"start":{"line":133,"column":51},"end":{"line":133,"column":53}}],"line":133},"6":{"loc":{"start":{"line":135,"column":7},"end":{"line":135,"column":29}},"type":"binary-expr","locations":[{"start":{"line":135,"column":7},"end":{"line":135,"column":11}},{"start":{"line":135,"column":15},"end":{"line":135,"column":29}}],"line":135}},"s":{"0":0,"1":0,"2":0,"3":0,"4":0,"5":0,"6":0,"7":0,"8":0,"9":0,"10":0,"11":0,"12":0,"13":0,"14":0,"15":0,"16":0,"17":0,"18":0,"19":0,"20":0,"21":0,"22":0,"23":0,"24":0,"25":0,"26":0},"f":{"0":0,"1":0,"2":0,"3":0,"4":0,"5":0,"6":0,"7":0,"8":0,"9":0},"b":{"0":[0],"1":[0,0],"2":[0,0],"3":[0,0],"4":[0,0],"5":[0,0],"6":[0,0]}}
,"C:\\Users\\Srisow\\OneDrive\\Desktop\\Portfolio\\code\\abc-portfolio-system\\frontend\\src\\components\\transactionHistory\\transactionHistoryFilter.jsx": {"path":"C:\\Users\\Srisow\\OneDrive\\Desktop\\Portfolio\\code\\abc-portfolio-system\\frontend\\src\\components\\transactionHistory\\transactionHistoryFilter.jsx","statementMap":{"0":{"start":{"line":7,"column":33},"end":{"line":206,"column":1}},"1":{"start":{"line":8,"column":30},"end":{"line":15,"column":4}},"2":{"start":{"line":17,"column":30},"end":{"line":17,"column":42}},"3":{"start":{"line":19,"column":23},"end":{"line":26,"column":3}},"4":{"start":{"line":20,"column":4},"end":{"line":20,"column":53}},"5":{"start":{"line":20,"column":23},"end":{"line":20,"column":50}},"6":{"start":{"line":23,"column":4},"end":{"line":25,"column":5}},"7":{"start":{"line":24,"column":6},"end":{"line":24,"column":52}},"8":{"start":{"line":24,"column":25},"end":{"line":24,"column":49}},"9":{"start":{"line":28,"column":23},"end":{"line":50,"column":3}},"10":{"start":{"line":29,"column":22},"end":{"line":29,"column":24}},"11":{"start":{"line":32,"column":22},"end":{"line":32,"column":71}},"12":{"start":{"line":32,"column":58},"end":{"line":32,"column":70}},"13":{"start":{"line":33,"column":4},"end":{"line":35,"column":5}},"14":{"start":{"line":34,"column":6},"end":{"line":34,"column":72}},"15":{"start":{"line":38,"column":4},"end":{"line":46,"column":5}},"16":{"start":{"line":39,"column":23},"end":{"line":39,"column":48}},"17":{"start":{"line":40,"column":21},"end":{"line":40,"column":44}},"18":{"start":{"line":42,"column":6},"end":{"line":45,"column":7}},"19":{"start":{"line":43,"column":8},"end":{"line":43,"column":64}},"20":{"start":{"line":44,"column":8},"end":{"line":44,"column":61}},"21":{"start":{"line":48,"column":4},"end":{"line":48,"column":25}},"22":{"start":{"line":49,"column":4},"end":{"line":49,"column":47}},"23":{"start":{"line":52,"column":23},"end":{"line":58,"column":3}},"24":{"start":{"line":53,"column":4},"end":{"line":53,"column":23}},"25":{"start":{"line":55,"column":4},"end":{"line":57,"column":5}},"26":{"start":{"line":56,"column":6},"end":{"line":56,"column":23}},"27":{"start":{"line":60,"column":22},"end":{"line":70,"column":3}},"28":{"start":{"line":61,"column":4},"end":{"line":68,"column":7}},"29":{"start":{"line":69,"column":4},"end":{"line":69,"column":18}},"30":{"start":{"line":72,"column":2},"end":{"line":205,"column":4}},"31":{"start":{"line":91,"column":31},"end":{"line":91,"column":73}},"32":{"start":{"line":107,"column":31},"end":{"line":107,"column":75}},"33":{"start":{"line":122,"column":31},"end":{"line":122,"column":78}},"34":{"start":{"line":140,"column":31},"end":{"line":140,"column":74}},"35":{"start":{"line":162,"column":31},"end":{"line":162,"column":71}},"36":{"start":{"line":177,"column":31},"end":{"line":177,"column":69}}},"fnMap":{"0":{"name":"(anonymous_0)","decl":{"start":{"line":7,"column":33},"end":{"line":7,"column":34}},"loc":{"start":{"line":7,"column":60},"end":{"line":206,"column":1}},"line":7},"1":{"name":"(anonymous_1)","decl":{"start":{"line":19,"column":23},"end":{"line":19,"column":24}},"loc":{"start":{"line":19,"column":41},"end":{"line":26,"column":3}},"line":19},"2":{"name":"(anonymous_2)","decl":{"start":{"line":20,"column":14},"end":{"line":20,"column":15}},"loc":{"start":{"line":20,"column":23},"end":{"line":20,"column":50}},"line":20},"3":{"name":"(anonymous_3)","decl":{"start":{"line":24,"column":16},"end":{"line":24,"column":17}},"loc":{"start":{"line":24,"column":25},"end":{"line":24,"column":49}},"line":24},"4":{"name":"(anonymous_4)","decl":{"start":{"line":28,"column":23},"end":{"line":28,"column":24}},"loc":{"start":{"line":28,"column":29},"end":{"line":50,"column":3}},"line":28},"5":{"name":"(anonymous_5)","decl":{"start":{"line":32,"column":49},"end":{"line":32,"column":50}},"loc":{"start":{"line":32,"column":58},"end":{"line":32,"column":70}},"line":32},"6":{"name":"(anonymous_6)","decl":{"start":{"line":52,"column":23},"end":{"line":52,"column":24}},"loc":{"start":{"line":52,"column":30},"end":{"line":58,"column":3}},"line":52},"7":{"name":"(anonymous_7)","decl":{"start":{"line":60,"column":22},"end":{"line":60,"column":23}},"loc":{"start":{"line":60,"column":28},"end":{"line":70,"column":3}},"line":60},"8":{"name":"(anonymous_8)","decl":{"start":{"line":91,"column":24},"end":{"line":91,"column":25}},"loc":{"start":{"line":91,"column":31},"end":{"line":91,"column":73}},"line":91},"9":{"name":"(anonymous_9)","decl":{"start":{"line":107,"column":24},"end":{"line":107,"column":25}},"loc":{"start":{"line":107,"column":31},"end":{"line":107,"column":75}},"line":107},"10":{"name":"(anonymous_10)","decl":{"start":{"line":122,"column":24},"end":{"line":122,"column":25}},"loc":{"start":{"line":122,"column":31},"end":{"line":122,"column":78}},"line":122},"11":{"name":"(anonymous_11)","decl":{"start":{"line":140,"column":24},"end":{"line":140,"column":25}},"loc":{"start":{"line":140,"column":31},"end":{"line":140,"column":74}},"line":140},"12":{"name":"(anonymous_12)","decl":{"start":{"line":162,"column":24},"end":{"line":162,"column":25}},"loc":{"start":{"line":162,"column":31},"end":{"line":162,"column":71}},"line":162},"13":{"name":"(anonymous_13)","decl":{"start":{"line":177,"column":24},"end":{"line":177,"column":25}},"loc":{"start":{"line":177,"column":31},"end":{"line":177,"column":69}},"line":177}},"branchMap":{"0":{"loc":{"start":{"line":23,"column":4},"end":{"line":25,"column":5}},"type":"if","locations":[{"start":{"line":23,"column":4},"end":{"line":25,"column":5}},{"start":{},"end":{}}],"line":23},"1":{"loc":{"start":{"line":33,"column":4},"end":{"line":35,"column":5}},"type":"if","locations":[{"start":{"line":33,"column":4},"end":{"line":35,"column":5}},{"start":{},"end":{}}],"line":33},"2":{"loc":{"start":{"line":38,"column":4},"end":{"line":46,"column":5}},"type":"if","locations":[{"start":{"line":38,"column":4},"end":{"line":46,"column":5}},{"start":{},"end":{}}],"line":38},"3":{"loc":{"start":{"line":38,"column":8},"end":{"line":38,"column":40}},"type":"binary-expr","locations":[{"start":{"line":38,"column":8},"end":{"line":38,"column":23}},{"start":{"line":38,"column":27},"end":{"line":38,"column":40}}],"line":38},"4":{"loc":{"start":{"line":42,"column":6},"end":{"line":45,"column":7}},"type":"if","locations":[{"start":{"line":42,"column":6},"end":{"line":45,"column":7}},{"start":{},"end":{}}],"line":42},"5":{"loc":{"start":{"line":55,"column":4},"end":{"line":57,"column":5}},"type":"if","locations":[{"start":{"line":55,"column":4},"end":{"line":57,"column":5}},{"start":{},"end":{}}],"line":55},"6":{"loc":{"start":{"line":76,"column":7},"end":{"line":80,"column":7}},"type":"binary-expr","locations":[{"start":{"line":76,"column":7},"end":{"line":76,"column":21}},{"start":{"line":77,"column":8},"end":{"line":79,"column":14}}],"line":76},"7":{"loc":{"start":{"line":95,"column":13},"end":{"line":97,"column":13}},"type":"binary-expr","locations":[{"start":{"line":95,"column":13},"end":{"line":95,"column":30}},{"start":{"line":96,"column":14},"end":{"line":96,"column":78}}],"line":95},"8":{"loc":{"start":{"line":111,"column":13},"end":{"line":113,"column":13}},"type":"binary-expr","locations":[{"start":{"line":111,"column":13},"end":{"line":111,"column":32}},{"start":{"line":112,"column":14},"end":{"line":112,"column":80}}],"line":111},"9":{"loc":{"start":{"line":129,"column":13},"end":{"line":131,"column":13}},"type":"binary-expr","locations":[{"start":{"line":129,"column":13},"end":{"line":129,"column":35}},{"start":{"line":130,"column":14},"end":{"line":130,"column":83}}],"line":129},"10":{"loc":{"start":{"line":150,"column":13},"end":{"line":152,"column":13}},"type":"binary-expr","locations":[{"start":{"line":150,"column":13},"end":{"line":150,"column":31}},{"start":{"line":151,"column":14},"end":{"line":151,"column":79}}],"line":150},"11":{"loc":{"start":{"line":165,"column":13},"end":{"line":167,"column":13}},"type":"binary-expr","locations":[{"start":{"line":165,"column":13},"end":{"line":165,"column":28}},{"start":{"line":166,"column":14},"end":{"line":166,"column":76}}],"line":165},"12":{"loc":{"start":{"line":180,"column":13},"end":{"line":182,"column":13}},"type":"binary-expr","locations":[{"start":{"line":180,"column":13},"end":{"line":180,"column":26}},{"start":{"line":181,"column":14},"end":{"line":181,"column":74}}],"line":180},"13":{"loc":{"start":{"line":192,"column":13},"end":{"line":192,"column":48}},"type":"cond-expr","locations":[{"start":{"line":192,"column":23},"end":{"line":192,"column":37}},{"start":{"line":192,"column":40},"end":{"line":192,"column":48}}],"line":192}},"s":{"0":1,"1":7,"2":7,"3":7,"4":0,"5":0,"6":0,"7":0,"8":0,"9":7,"10":1,"11":1,"12":6,"13":1,"14":1,"15":1,"16":0,"17":0,"18":0,"19":0,"20":0,"21":1,"22":1,"23":7,"24":1,"25":1,"26":0,"27":7,"28":0,"29":0,"30":7,"31":0,"32":0,"33":0,"34":0,"35":0,"36":0},"f":{"0":7,"1":0,"2":0,"3":0,"4":1,"5":6,"6":1,"7":0,"8":0,"9":0,"10":0,"11":0,"12":0,"13":0},"b":{"0":[0,0],"1":[1,0],"2":[0,1],"3":[1,0],"4":[0,0],"5":[0,1],"6":[7,1],"7":[7,0],"8":[7,0],"9":[7,0],"10":[7,0],"11":[7,0],"12":[7,0],"13":[1,6]},"_coverageSchema":"1a1c01bbd47fc00a2c39e90264f33305004495a9","hash":"b054fa6bfce69156b96a9e70872ade936447d1a6"}
,"C:\\Users\\Srisow\\OneDrive\\Desktop\\Portfolio\\code\\abc-portfolio-system\\frontend\\src\\components\\transactionHistory\\transactionHistoryTable.jsx": {"path":"C:\\Users\\Srisow\\OneDrive\\Desktop\\Portfolio\\code\\abc-portfolio-system\\frontend\\src\\components\\transactionHistory\\transactionHistoryTable.jsx","statementMap":{"0":{"start":{"line":7,"column":32},"end":{"line":141,"column":1}},"1":{"start":{"line":8,"column":21},"end":{"line":14,"column":3}},"2":{"start":{"line":9,"column":4},"end":{"line":13,"column":7}},"3":{"start":{"line":16,"column":25},"end":{"line":18,"column":3}},"4":{"start":{"line":17,"column":4},"end":{"line":17,"column":88}},"5":{"start":{"line":20,"column":30},"end":{"line":35,"column":3}},"6":{"start":{"line":21,"column":4},"end":{"line":34,"column":5}},"7":{"start":{"line":23,"column":8},"end":{"line":23,"column":45}},"8":{"start":{"line":25,"column":8},"end":{"line":25,"column":43}},"9":{"start":{"line":27,"column":8},"end":{"line":27,"column":47}},"10":{"start":{"line":29,"column":8},"end":{"line":29,"column":41}},"11":{"start":{"line":31,"column":8},"end":{"line":31,"column":41}},"12":{"start":{"line":33,"column":8},"end":{"line":33,"column":43}},"13":{"start":{"line":37,"column":34},"end":{"line":41,"column":3}},"14":{"start":{"line":38,"column":4},"end":{"line":40,"column":37}},"15":{"start":{"line":43,"column":2},"end":{"line":56,"column":3}},"16":{"start":{"line":44,"column":4},"end":{"line":55,"column":6}},"17":{"start":{"line":50,"column":14},"end":{"line":50,"column":69}},"18":{"start":{"line":58,"column":2},"end":{"line":70,"column":3}},"19":{"start":{"line":59,"column":4},"end":{"line":69,"column":6}},"20":{"start":{"line":72,"column":2},"end":{"line":140,"column":4}},"21":{"start":{"line":108,"column":14},"end":{"line":134,"column":19}}},"fnMap":{"0":{"name":"(anonymous_0)","decl":{"start":{"line":7,"column":32},"end":{"line":7,"column":33}},"loc":{"start":{"line":7,"column":55},"end":{"line":141,"column":1}},"line":7},"1":{"name":"(anonymous_1)","decl":{"start":{"line":8,"column":21},"end":{"line":8,"column":22}},"loc":{"start":{"line":8,"column":37},"end":{"line":14,"column":3}},"line":8},"2":{"name":"(anonymous_2)","decl":{"start":{"line":16,"column":25},"end":{"line":16,"column":26}},"loc":{"start":{"line":16,"column":36},"end":{"line":18,"column":3}},"line":16},"3":{"name":"(anonymous_3)","decl":{"start":{"line":20,"column":30},"end":{"line":20,"column":31}},"loc":{"start":{"line":20,"column":42},"end":{"line":35,"column":3}},"line":20},"4":{"name":"(anonymous_4)","decl":{"start":{"line":37,"column":34},"end":{"line":37,"column":35}},"loc":{"start":{"line":37,"column":44},"end":{"line":41,"column":3}},"line":37},"5":{"name":"(anonymous_5)","decl":{"start":{"line":49,"column":31},"end":{"line":49,"column":32}},"loc":{"start":{"line":50,"column":14},"end":{"line":50,"column":69}},"line":50},"6":{"name":"(anonymous_6)","decl":{"start":{"line":107,"column":22},"end":{"line":107,"column":23}},"loc":{"start":{"line":108,"column":14},"end":{"line":134,"column":19}},"line":108}},"branchMap":{"0":{"loc":{"start":{"line":21,"column":4},"end":{"line":34,"column":5}},"type":"switch","locations":[{"start":{"line":22,"column":6},"end":{"line":23,"column":45}},{"start":{"line":24,"column":6},"end":{"line":25,"column":43}},{"start":{"line":26,"column":6},"end":{"line":27,"column":47}},{"start":{"line":28,"column":6},"end":{"line":29,"column":41}},{"start":{"line":30,"column":6},"end":{"line":31,"column":41}},{"start":{"line":32,"column":6},"end":{"line":33,"column":43}}],"line":21},"1":{"loc":{"start":{"line":38,"column":11},"end":{"line":40,"column":36}},"type":"cond-expr","locations":[{"start":{"line":39,"column":8},"end":{"line":39,"column":38}},{"start":{"line":40,"column":8},"end":{"line":40,"column":36}}],"line":38},"2":{"loc":{"start":{"line":43,"column":2},"end":{"line":56,"column":3}},"type":"if","locations":[{"start":{"line":43,"column":2},"end":{"line":56,"column":3}},{"start":{},"end":{}}],"line":43},"3":{"loc":{"start":{"line":58,"column":2},"end":{"line":70,"column":3}},"type":"if","locations":[{"start":{"line":58,"column":2},"end":{"line":70,"column":3}},{"start":{},"end":{}}],"line":58}},"s":{"0":0,"1":0,"2":0,"3":0,"4":0,"5":0,"6":0,"7":0,"8":0,"9":0,"10":0,"11":0,"12":0,"13":0,"14":0,"15":0,"16":0,"17":0,"18":0,"19":0,"20":0,"21":0},"f":{"0":0,"1":0,"2":0,"3":0,"4":0,"5":0,"6":0},"b":{"0":[0,0,0,0,0,0],"1":[0,0],"2":[0,0],"3":[0,0]}}
,"C:\\Users\\Srisow\\OneDrive\\Desktop\\Portfolio\\code\\abc-portfolio-system\\frontend\\src\\hooks\\useTransactionHistory.js": {"path":"C:\\Users\\Srisow\\OneDrive\\Desktop\\Portfolio\\code\\abc-portfolio-system\\frontend\\src\\hooks\\useTransactionHistory.js","statementMap":{"0":{"start":{"line":7,"column":37},"end":{"line":39,"column":1}},"1":{"start":{"line":8,"column":26},"end":{"line":8,"column":40}},"2":{"start":{"line":9,"column":32},"end":{"line":9,"column":47}},"3":{"start":{"line":10,"column":28},"end":{"line":10,"column":42}},"4":{"start":{"line":12,"column":18},"end":{"line":12,"column":49}},"5":{"start":{"line":14,"column":34},"end":{"line":31,"column":8}},"6":{"start":{"line":15,"column":4},"end":{"line":15,"column":21}},"7":{"start":{"line":16,"column":4},"end":{"line":16,"column":19}},"8":{"start":{"line":18,"column":4},"end":{"line":30,"column":5}},"9":{"start":{"line":19,"column":23},"end":{"line":19,"column":79}},"10":{"start":{"line":21,"column":6},"end":{"line":25,"column":7}},"11":{"start":{"line":22,"column":8},"end":{"line":22,"column":31}},"12":{"start":{"line":24,"column":8},"end":{"line":24,"column":35}},"13":{"start":{"line":27,"column":6},"end":{"line":27,"column":73}},"14":{"start":{"line":29,"column":6},"end":{"line":29,"column":24}},"15":{"start":{"line":33,"column":2},"end":{"line":38,"column":4}}},"fnMap":{"0":{"name":"(anonymous_0)","decl":{"start":{"line":7,"column":37},"end":{"line":7,"column":38}},"loc":{"start":{"line":7,"column":43},"end":{"line":39,"column":1}},"line":7},"1":{"name":"(anonymous_1)","decl":{"start":{"line":14,"column":46},"end":{"line":14,"column":47}},"loc":{"start":{"line":14,"column":86},"end":{"line":31,"column":3}},"line":14}},"branchMap":{"0":{"loc":{"start":{"line":14,"column":61},"end":{"line":14,"column":69}},"type":"default-arg","locations":[{"start":{"line":14,"column":68},"end":{"line":14,"column":69}}],"line":14},"1":{"loc":{"start":{"line":14,"column":71},"end":{"line":14,"column":81}},"type":"default-arg","locations":[{"start":{"line":14,"column":79},"end":{"line":14,"column":81}}],"line":14},"2":{"loc":{"start":{"line":21,"column":6},"end":{"line":25,"column":7}},"type":"if","locations":[{"start":{"line":21,"column":6},"end":{"line":25,"column":7}},{"start":{"line":23,"column":13},"end":{"line":25,"column":7}}],"line":21},"3":{"loc":{"start":{"line":27,"column":15},"end":{"line":27,"column":71}},"type":"cond-expr","locations":[{"start":{"line":27,"column":38},"end":{"line":27,"column":49}},{"start":{"line":27,"column":52},"end":{"line":27,"column":71}}],"line":27}},"s":{"0":1,"1":5,"2":5,"3":5,"4":5,"5":5,"6":2,"7":2,"8":2,"9":2,"10":1,"11":1,"12":0,"13":1,"14":2,"15":5},"f":{"0":5,"1":2},"b":{"0":[2],"1":[2],"2":[1,0],"3":[1,0]},"_coverageSchema":"1a1c01bbd47fc00a2c39e90264f33305004495a9","hash":"13b8d2f5206e4a82c744475fe98785adc05c3b5b"}
,"C:\\Users\\Srisow\\OneDrive\\Desktop\\Portfolio\\code\\abc-portfolio-system\\frontend\\src\\services\\transactionHistoryService.js": {"path":"C:\\Users\\Srisow\\OneDrive\\Desktop\\Portfolio\\code\\abc-portfolio-system\\frontend\\src\\services\\transactionHistoryService.js","statementMap":{"0":{"start":{"line":7,"column":4},"end":{"line":7,"column":27}},"1":{"start":{"line":14,"column":24},"end":{"line":14,"column":45}},"2":{"start":{"line":17,"column":4},"end":{"line":21,"column":7}},"3":{"start":{"line":18,"column":6},"end":{"line":20,"column":7}},"4":{"start":{"line":19,"column":8},"end":{"line":19,"column":50}},"5":{"start":{"line":23,"column":4},"end":{"line":23,"column":48}},"6":{"start":{"line":24,"column":4},"end":{"line":24,"column":50}},"7":{"start":{"line":26,"column":21},"end":{"line":32,"column":6}},"8":{"start":{"line":34,"column":4},"end":{"line":36,"column":5}},"9":{"start":{"line":35,"column":6},"end":{"line":35,"column":64}},"10":{"start":{"line":38,"column":4},"end":{"line":38,"column":27}}},"fnMap":{"0":{"name":"(anonymous_0)","decl":{"start":{"line":6,"column":2},"end":{"line":6,"column":3}},"loc":{"start":{"line":6,"column":32},"end":{"line":8,"column":3}},"line":6},"1":{"name":"(anonymous_1)","decl":{"start":{"line":13,"column":2},"end":{"line":13,"column":3}},"loc":{"start":{"line":13,"column":60},"end":{"line":39,"column":3}},"line":13},"2":{"name":"(anonymous_2)","decl":{"start":{"line":17,"column":35},"end":{"line":17,"column":36}},"loc":{"start":{"line":17,"column":53},"end":{"line":21,"column":5}},"line":17}},"branchMap":{"0":{"loc":{"start":{"line":6,"column":14},"end":{"line":6,"column":30}},"type":"default-arg","locations":[{"start":{"line":6,"column":24},"end":{"line":6,"column":30}}],"line":6},"1":{"loc":{"start":{"line":13,"column":38},"end":{"line":13,"column":46}},"type":"default-arg","locations":[{"start":{"line":13,"column":45},"end":{"line":13,"column":46}}],"line":13},"2":{"loc":{"start":{"line":13,"column":48},"end":{"line":13,"column":58}},"type":"default-arg","locations":[{"start":{"line":13,"column":56},"end":{"line":13,"column":58}}],"line":13},"3":{"loc":{"start":{"line":18,"column":6},"end":{"line":20,"column":7}},"type":"if","locations":[{"start":{"line":18,"column":6},"end":{"line":20,"column":7}},{"start":{},"end":{}}],"line":18},"4":{"loc":{"start":{"line":18,"column":10},"end":{"line":18,"column":45}},"type":"binary-expr","locations":[{"start":{"line":18,"column":10},"end":{"line":18,"column":29}},{"start":{"line":18,"column":33},"end":{"line":18,"column":45}}],"line":18},"5":{"loc":{"start":{"line":34,"column":4},"end":{"line":36,"column":5}},"type":"if","locations":[{"start":{"line":34,"column":4},"end":{"line":36,"column":5}},{"start":{},"end":{}}],"line":34}},"s":{"0":0,"1":0,"2":0,"3":0,"4":0,"5":0,"6":0,"7":0,"8":0,"9":0,"10":0},"f":{"0":0,"1":0,"2":0},"b":{"0":[0],"1":[0],"2":[0],"3":[0,0],"4":[0,0],"5":[0,0]},"_coverageSchema":"1a1c01bbd47fc00a2c39e90264f33305004495a9","hash":"1a333eeae62f20b47989ec252c02c0a364397e9e"}
}
