TN:
SF:src\App.jsx
FN:10,App
FNF:1
FNH:0
FNDA:0,App
DA:11,0
LF:1
LH:0
BRF:0
BRH:0
end_of_record
TN:
SF:src\index.jsx
FNF:0
FNH:0
DA:6,0
DA:7,0
LF:2
LH:0
BRF:0
BRH:0
end_of_record
TN:
SF:src\main.jsx
FNF:0
FNH:0
DA:6,0
DA:7,0
DA:8,0
LF:3
LH:0
BRDA:7,0,0,0
BRDA:7,0,1,0
BRF:2
BRH:0
end_of_record
TN:
SF:src\components\transactionHistory\transactionHistoryContainer.jsx
FN:10,(anonymous_0)
FN:16,(anonymous_1)
FN:22,(anonymous_2)
FN:30,(anonymous_3)
FN:41,(anonymous_4)
FN:48,(anonymous_5)
FN:68,(anonymous_6)
FN:75,(anonymous_7)
FN:80,(anonymous_8)
FN:93,(anonymous_9)
FNF:10
FNH:0
FNDA:0,(anonymous_0)
FNDA:0,(anonymous_1)
FNDA:0,(anonymous_2)
FNDA:0,(anonymous_3)
FNDA:0,(anonymous_4)
FNDA:0,(anonymous_5)
FNDA:0,(anonymous_6)
FNDA:0,(anonymous_7)
FNDA:0,(anonymous_8)
FNDA:0,(anonymous_9)
DA:10,0
DA:11,0
DA:12,0
DA:13,0
DA:14,0
DA:16,0
DA:17,0
DA:18,0
DA:19,0
DA:22,0
DA:23,0
DA:24,0
DA:30,0
DA:31,0
DA:33,0
DA:34,0
DA:35,0
DA:37,0
DA:41,0
DA:48,0
DA:68,0
DA:76,0
DA:77,0
DA:80,0
DA:93,0
DA:106,0
LF:26
LH:0
BRDA:10,0,0,0
BRDA:31,1,0,0
BRDA:31,1,1,0
BRDA:31,2,0,0
BRDA:31,2,1,0
BRDA:82,3,0,0
BRDA:82,3,1,0
BRDA:117,4,0,0
BRDA:117,4,1,0
BRDA:133,5,0,0
BRDA:133,5,1,0
BRDA:135,6,0,0
BRDA:135,6,1,0
BRF:13
BRH:0
end_of_record
TN:
SF:src\components\transactionHistory\transactionHistoryFilter.jsx
FN:7,(anonymous_0)
FN:19,(anonymous_1)
FN:20,(anonymous_2)
FN:24,(anonymous_3)
FN:28,(anonymous_4)
FN:32,(anonymous_5)
FN:52,(anonymous_6)
FN:60,(anonymous_7)
FN:91,(anonymous_8)
FN:107,(anonymous_9)
FN:122,(anonymous_10)
FN:140,(anonymous_11)
FN:162,(anonymous_12)
FN:177,(anonymous_13)
FNF:14
FNH:4
FNDA:7,(anonymous_0)
FNDA:0,(anonymous_1)
FNDA:0,(anonymous_2)
FNDA:0,(anonymous_3)
FNDA:1,(anonymous_4)
FNDA:6,(anonymous_5)
FNDA:1,(anonymous_6)
FNDA:0,(anonymous_7)
FNDA:0,(anonymous_8)
FNDA:0,(anonymous_9)
FNDA:0,(anonymous_10)
FNDA:0,(anonymous_11)
FNDA:0,(anonymous_12)
FNDA:0,(anonymous_13)
DA:7,1
DA:8,7
DA:17,7
DA:19,7
DA:20,0
DA:23,0
DA:24,0
DA:28,7
DA:29,1
DA:32,6
DA:33,1
DA:34,1
DA:38,1
DA:39,0
DA:40,0
DA:42,0
DA:43,0
DA:44,0
DA:48,1
DA:49,1
DA:52,7
DA:53,1
DA:55,1
DA:56,0
DA:60,7
DA:61,0
DA:69,0
DA:72,7
DA:91,0
DA:107,0
DA:122,0
DA:140,0
DA:162,0
DA:177,0
LF:34
LH:17
BRDA:23,0,0,0
BRDA:23,0,1,0
BRDA:33,1,0,1
BRDA:33,1,1,0
BRDA:38,2,0,0
BRDA:38,2,1,1
BRDA:38,3,0,1
BRDA:38,3,1,0
BRDA:42,4,0,0
BRDA:42,4,1,0
BRDA:55,5,0,0
BRDA:55,5,1,1
BRDA:76,6,0,7
BRDA:76,6,1,1
BRDA:95,7,0,7
BRDA:95,7,1,0
BRDA:111,8,0,7
BRDA:111,8,1,0
BRDA:129,9,0,7
BRDA:129,9,1,0
BRDA:150,10,0,7
BRDA:150,10,1,0
BRDA:165,11,0,7
BRDA:165,11,1,0
BRDA:180,12,0,7
BRDA:180,12,1,0
BRDA:192,13,0,1
BRDA:192,13,1,6
BRF:28
BRH:14
end_of_record
TN:
SF:src\components\transactionHistory\transactionHistoryTable.jsx
FN:7,(anonymous_0)
FN:8,(anonymous_1)
FN:16,(anonymous_2)
FN:20,(anonymous_3)
FN:37,(anonymous_4)
FN:49,(anonymous_5)
FN:107,(anonymous_6)
FNF:7
FNH:0
FNDA:0,(anonymous_0)
FNDA:0,(anonymous_1)
FNDA:0,(anonymous_2)
FNDA:0,(anonymous_3)
FNDA:0,(anonymous_4)
FNDA:0,(anonymous_5)
FNDA:0,(anonymous_6)
DA:7,0
DA:8,0
DA:9,0
DA:16,0
DA:17,0
DA:20,0
DA:21,0
DA:23,0
DA:25,0
DA:27,0
DA:29,0
DA:31,0
DA:33,0
DA:37,0
DA:38,0
DA:43,0
DA:44,0
DA:50,0
DA:58,0
DA:59,0
DA:72,0
DA:108,0
LF:22
LH:0
BRDA:21,0,0,0
BRDA:21,0,1,0
BRDA:21,0,2,0
BRDA:21,0,3,0
BRDA:21,0,4,0
BRDA:21,0,5,0
BRDA:38,1,0,0
BRDA:38,1,1,0
BRDA:43,2,0,0
BRDA:43,2,1,0
BRDA:58,3,0,0
BRDA:58,3,1,0
BRF:12
BRH:0
end_of_record
TN:
SF:src\hooks\useTransactionHistory.js
FN:7,(anonymous_0)
FN:14,(anonymous_1)
FNF:2
FNH:2
FNDA:5,(anonymous_0)
FNDA:2,(anonymous_1)
DA:7,1
DA:8,5
DA:9,5
DA:10,5
DA:12,5
DA:14,5
DA:15,2
DA:16,2
DA:18,2
DA:19,2
DA:21,1
DA:22,1
DA:24,0
DA:27,1
DA:29,2
DA:33,5
LF:16
LH:15
BRDA:14,0,0,2
BRDA:14,1,0,2
BRDA:21,2,0,1
BRDA:21,2,1,0
BRDA:27,3,0,1
BRDA:27,3,1,0
BRF:6
BRH:4
end_of_record
TN:
SF:src\services\transactionHistoryService.js
FN:6,(anonymous_0)
FN:13,(anonymous_1)
FN:17,(anonymous_2)
FNF:3
FNH:0
FNDA:0,(anonymous_0)
FNDA:0,(anonymous_1)
FNDA:0,(anonymous_2)
DA:7,0
DA:14,0
DA:17,0
DA:18,0
DA:19,0
DA:23,0
DA:24,0
DA:26,0
DA:34,0
DA:35,0
DA:38,0
LF:11
LH:0
BRDA:6,0,0,0
BRDA:13,1,0,0
BRDA:13,2,0,0
BRDA:18,3,0,0
BRDA:18,3,1,0
BRDA:18,4,0,0
BRDA:18,4,1,0
BRDA:34,5,0,0
BRDA:34,5,1,0
BRF:9
BRH:0
end_of_record
